com.badlogic.gdx.utils.SerializationException: Error parsing file: SoundScapes/SoundScapeList.xml
	at com.badlogic.gdx.utils.XmlReader.parse(XmlReader.java:83)
	at com.lyeeedar.Util.ElementExtensionsKt.getXml(ElementExtensions.kt:20)
	at com.lyeeedar.Util.ElementExtensionsKt.getXml$default(ElementExtensions.kt:8)
	at com.lyeeedar.Screens.MusicManagerScreen.loadSoundScapeList(MusicManagerScreen.kt:26)
	at com.lyeeedar.Screens.MusicManagerScreen$allSoundScapes$2.invoke(MusicManagerScreen.kt:20)
	at com.lyeeedar.Screens.MusicManagerScreen$allSoundScapes$2.invoke(MusicManagerScreen.kt:18)
	at kotlin.SynchronizedLazyImpl.getValue(Lazy.kt:131)
	at com.lyeeedar.Screens.MusicManagerScreen.getAllSoundScapes(MusicManagerScreen.kt)
	at com.lyeeedar.Screens.MusicManagerScreen.create(MusicManagerScreen.kt:61)
	at com.lyeeedar.Screens.AbstractScreen.baseCreate(AbstractScreen.kt:149)
	at com.lyeeedar.Screens.AbstractScreen.show(AbstractScreen.kt:43)
	at com.badlogic.gdx.Game.setScreen(Game.java:61)
	at com.lyeeedar.MainGame.switchScreen(MainGame.kt:62)
	at com.lyeeedar.MainGame.create(MainGame.kt:52)
	at com.badlogic.gdx.backends.lwjgl.LwjglApplication.mainLoop(LwjglApplication.java:149)
	at com.badlogic.gdx.backends.lwjgl.LwjglApplication$1.run(LwjglApplication.java:126)
Caused by: com.badlogic.gdx.utils.GdxRuntimeException: Error reading file: SoundScapes\SoundScapeList.xml (Absolute)
	at com.badlogic.gdx.files.FileHandle.read(FileHandle.java:144)
	at com.badlogic.gdx.files.FileHandle.reader(FileHandle.java:163)
	at com.badlogic.gdx.utils.XmlReader.parse(XmlReader.java:81)
	... 15 more
Caused by: java.io.FileNotFoundException: SoundScapes\SoundScapeList.xml (The system cannot find the file specified)
	at java.io.FileInputStream.open0(Native Method)
	at java.io.FileInputStream.open(FileInputStream.java:195)
	at java.io.FileInputStream.<init>(FileInputStream.java:138)
	at com.badlogic.gdx.files.FileHandle.read(FileHandle.java:140)
	... 17 more
